Arguments: 
  /Users/zhangwei/.nvm/versions/node/v9.10.0/bin/node /usr/local/bin/yarn

PATH: 
  /Users/zhangwei/.nvm/versions/node/v9.10.0/bin:somepath:/usr/local/bin:/usr/bin:/bin:/usr/sbin:/sbin:somepath:/Users/zhangwei/Library/Android/sdk/tools:/Users/zhangwei/Library/Android/sdk/tools/bin:/Users/zhangwei/Library/Android/sdk/platform-tools:/Users/zhangwei/Library/Android/sdk/tools:/Users/zhangwei/Library/Android/sdk/tools/bin:/Users/zhangwei/Library/Android/sdk/platform-tools

Yarn version: 
  1.5.1

Node version: 
  9.10.0

Platform: 
  darwin x64

npm manifest: 
  {
    "name": "express-next-react",
    "author": "Zhang Wei",
    "license": "GPL-3.0",
    "version": "2.0.2",
    "dependencies": {
      "antd": "3.12.4",
      "compression": "1.7.3",
      "connect-mongo": "2.0.1",
      "connect-mongodb-session": "2.0.3",
      "cookie-parser": "1.4.3",
      "express": "4.16.3",
      "express-http-proxy": "1.5.1",
      "express-session": "1.15.6",
      "hash.js": "1.1.5",
      "mobx": "5.5.1",
      "mobx-react": "5.3.3",
      "mongodb": "3.1.4",
      "morgan": "1.9.1",
      "multer": "1.4.1",
      "next": "7.0.2",
      "react": "16.4.2",
      "react-dom": "16.4.2",
      "request": "2.88.0",
      "styled-components": "4.1.3"
    },
    "devDependencies": {
      "@babel/cli": "7.1.2",
      "@babel/core": "7.1.2",
      "@babel/plugin-proposal-class-properties": "7.1.0",
      "@babel/plugin-proposal-decorators": "7.1.2",
      "@babel/plugin-proposal-object-rest-spread": "^7.0.0",
      "@babel/plugin-transform-runtime": "7.1.0",
      "@babel/preset-env": "7.1.0",
      "@babel/preset-react": "7.0.0",
      "@zeit/next-bundle-analyzer": "0.1.2",
      "@zeit/next-css": "1.0.1",
      "babel-core": "^7.0.0-bridge.0",
      "babel-eslint": "10.0.1",
      "babel-plugin-import": "1.9.1",
      "babel-plugin-styled-components": "1.10.0",
      "babel-plugin-transform-decorators-legacy": "1.3.5",
      "eslint": "5.7.0",
      "eslint-config-airbnb": "17.1.0",
      "eslint-plugin-import": "2.14.0",
      "eslint-plugin-jsx-a11y": "6.1.1",
      "eslint-plugin-react": "7.11.1",
      "mini-css-extract-plugin": "*",
      "nodemon": "1.18.3",
      "raw-loader": "0.5.1",
      "regenerator-runtime": "0.12.1",
      "webpack": "4.29.0",
      "webpack-filter-warnings-plugin": "1.2.1"
    },
    "scripts": {
      "dev": "export NODE_ENV=development && export DB_PORT=27017 && export BACK_END=http://localhost:3010 && nodemon app.js ",
      "build": "next build && export NODE_ENV=production && export DB_PORT=27017 && nodemon app.js",
      "test": "jest",
      "start": "next build && export NODE_ENV=production && export DB_HOST=172.17.0.2 && export DB_PORT=27017 && export BACK_END=https://backend.funningcoin.cn && nodemon app.js"
    }
  }

yarn manifest: 
  No manifest

Lockfile: 
  No lockfile

Trace: 
  Error: https://registry.yarnpkg.com/rc-collapse/-/rc-collapse-1.10.3.tgz: ETIMEDOUT
      at Timeout._onTimeout (/usr/local/lib/node_modules/yarn/lib/cli.js:133094:19)
      at ontimeout (timers.js:466:11)
      at tryOnTimeout (timers.js:304:5)
      at Timer.listOnTimeout (timers.js:267:5)
